0 info it worked if it ends with ok
1 verbose cli [ '/usr/local/bin/node', '/usr/local/bin/npm', 'start' ]
2 info using npm@3.10.9
3 info using node@v7.2.0
4 verbose run-script [ 'prestart', 'start', 'poststart' ]
5 info lifecycle grpware1.0@1.0.0~prestart: grpware1.0@1.0.0
6 silly lifecycle grpware1.0@1.0.0~prestart: no script for prestart, continuing
7 info lifecycle grpware1.0@1.0.0~start: grpware1.0@1.0.0
8 verbose lifecycle grpware1.0@1.0.0~start: unsafe-perm in lifecycle true
9 verbose lifecycle grpware1.0@1.0.0~start: PATH: /usr/local/lib/node_modules/npm/bin/node-gyp-bin:/Users/Faliherizo/Documents/nodejs/grpware1.0/node_modules/.bin:/Users/Faliherizo/.sdkman/candidates/grails/current/bin:/Users/Faliherizo/.sdkman/candidates/gradle/current/bin:/usr/local/bin:/usr/bin:/bin:/usr/sbin:/sbin:/usr/local/ff++/mpich/3.41/bin:/opt/ImageMagick/bin:/Library/TeX/texbin
10 verbose lifecycle grpware1.0@1.0.0~start: CWD: /Users/Faliherizo/Documents/nodejs/grpware1.0
11 silly lifecycle grpware1.0@1.0.0~start: Args: [ '-c', 'tsc && concurrently "tsc -w" "lite-server" ' ]
12 silly lifecycle grpware1.0@1.0.0~start: Returned: code: 2  signal: null
13 info lifecycle grpware1.0@1.0.0~start: Failed to exec start script
14 verbose stack Error: grpware1.0@1.0.0 start: `tsc && concurrently "tsc -w" "lite-server" `
14 verbose stack Exit status 2
14 verbose stack     at EventEmitter.<anonymous> (/usr/local/lib/node_modules/npm/lib/utils/lifecycle.js:255:16)
14 verbose stack     at emitTwo (events.js:106:13)
14 verbose stack     at EventEmitter.emit (events.js:191:7)
14 verbose stack     at ChildProcess.<anonymous> (/usr/local/lib/node_modules/npm/lib/utils/spawn.js:40:14)
14 verbose stack     at emitTwo (events.js:106:13)
14 verbose stack     at ChildProcess.emit (events.js:191:7)
14 verbose stack     at maybeClose (internal/child_process.js:885:16)
14 verbose stack     at Process.ChildProcess._handle.onexit (internal/child_process.js:226:5)
15 verbose pkgid grpware1.0@1.0.0
16 verbose cwd /Users/Faliherizo/Documents/nodejs/grpware1.0
17 error Darwin 15.4.0
18 error argv "/usr/local/bin/node" "/usr/local/bin/npm" "start"
19 error node v7.2.0
20 error npm  v3.10.9
21 error code ELIFECYCLE
22 error grpware1.0@1.0.0 start: `tsc && concurrently "tsc -w" "lite-server" `
22 error Exit status 2
23 error Failed at the grpware1.0@1.0.0 start script 'tsc && concurrently "tsc -w" "lite-server" '.
23 error Make sure you have the latest version of node.js and npm installed.
23 error If you do, this is most likely a problem with the grpware1.0 package,
23 error not with npm itself.
23 error Tell the author that this fails on your system:
23 error     tsc && concurrently "tsc -w" "lite-server"
23 error You can get information on how to open an issue for this project with:
23 error     npm bugs grpware1.0
23 error Or if that isn't available, you can get their info via:
23 error     npm owner ls grpware1.0
23 error There is likely additional logging output above.
24 verbose exit [ 1, true ]
